<?xml version="1.0" encoding="UTF-8"?>
<!-- Generated by org.testng.reporters.JUnitReportReporter -->
<testsuite hostname="Mits-MacBook-Pro.local" failures="0" tests="1" name="com.magneto.qa.testcases.MobilePageTest" time="7.009" errors="0" timestamp="2022-01-10T23:51:11 EST" skipped="0">
  <testcase classname="com.magneto.qa.testcases.MobilePageTest" name="verifySonyExperiaPrice" time="7.009"/>
  <system-out/>
</testsuite> <!-- com.magneto.qa.testcases.MobilePageTest -->
