<?xml version="1.0" encoding="UTF-8"?>
<!-- Generated by org.testng.reporters.JUnitReportReporter -->
<testsuite hostname="Mits-MacBook-Pro.local" failures="0" tests="1" name="com.magneto.qa.testcases.HomePageTest" time="4.945" errors="0" timestamp="2022-01-09T23:16:58 EST" skipped="0">
  <testcase classname="com.magneto.qa.testcases.HomePageTest" name="clickOnMobileBtn" time="4.945"/>
  <system-out/>
</testsuite> <!-- com.magneto.qa.testcases.HomePageTest -->
