<?xml version="1.0" encoding="UTF-8"?>
<!-- Generated by org.testng.reporters.JUnitReportReporter -->
<testsuite hostname="Mits-MacBook-Pro.local" failures="0" tests="1" name="com.magneto.qa.testcases.HomePageTest" time="4.283" errors="0" timestamp="11 Jan. 2022 04:42:48 GMT" skipped="0">
  <testcase classname="com.magneto.qa.testcases.HomePageTest" name="verifyHomePageTitle" time="4.283"/>
</testsuite> <!-- com.magneto.qa.testcases.HomePageTest -->
